#
# A fatal error has been detected by the Java Runtime Environment:
#
#  EXCEPTION_ACCESS_VIOLATION (0xc0000005) at pc=0x000000005fc9ec52, pid=8356, tid=7824
#
# JRE version: Java(TM) SE Runtime Environment (7.0_67-b01) (build 1.7.0_67-b01)
# Java VM: Java HotSpot(TM) 64-Bit Server VM (24.65-b04 mixed mode windows-amd64 compressed oops)
# Problematic frame:
# V  [jvm.dll+0x39ec52]
#
# Failed to write core dump. Minidumps are not enabled by default on client versions of Windows
#
# If you would like to submit a bug report, please visit:
#   http://bugreport.sun.com/bugreport/crash.jsp
#

---------------  T H R E A D  ---------------

Current thread (0x000000000a493000):  VMThread [stack: 0x000000000b530000,0x000000000b630000] [id=7824]

siginfo: ExceptionCode=0xc0000005, reading address 0xffffffffffffffff

Registers:
RAX=0x00001fffffff10a8, RBX=0x00009ffffffb5348, RCX=0x000000006005ce60, RDX=0x0000000002209391
RSP=0x000000000b62f280, RBP=0x000000006005ce60, RSI=0x0000000001f70000, RDI=0x0000000002209391
R8 =0x0000000000010000, R9 =0x0000000000067ebb, R10=0x00000000000019fb, R11=0x0000000000067ec0
R12=0x000000006005cde0, R13=0x000000006005cbe0, R14=0x00000000021d61b0, R15=0x000000000b62f3e0
RIP=0x000000005fc9ec52, EFLAGS=0x0000000000010a02

Top of Stack: (sp=0x000000000b62f280)
0x000000000b62f280:   0000000001f70000 000000077d0ffbc0
0x000000000b62f290:   000000006005cbe0 000000077d0ffbc0
0x000000000b62f2a0:   000000006005cde0 000000005f9dbb7e
0x000000000b62f2b0:   000000077d140650 0000000000265380
0x000000000b62f2c0:   0000000000068169 0000000000000005
0x000000000b62f2d0:   000000077d140590 000000005f9db414
0x000000000b62f2e0:   000000077d140590 0000000000265380
0x000000000b62f2f0:   0000000000068169 000000000229eba0
0x000000000b62f300:   000000000229eba0 000000005fca03dc
0x000000000b62f310:   000000077d140590 0000000000265380
0x000000000b62f320:   0000000000068150 000000000229eba0
0x000000000b62f330:   0000000000000019 000000005fca0af5
0x000000000b62f340:   000000000b62f3e0 000000006005cde0
0x000000000b62f350:   000000000229eba0 ffffffffffffffff
0x000000000b62f360:   0000000000265365 000000005fc959bd
0x000000000b62f370:   0000000000068151 000000005f9c511f 

Instructions: (pc=0x000000005fc9ec52)
0x000000005fc9ec32:   24 20 41 54 48 83 ec 20 48 8b 71 18 48 8b c2 48
0x000000005fc9ec42:   8b fa 48 2b 01 48 8b e9 48 c1 e8 13 48 8d 1c 80
0x000000005fc9ec52:   44 8b 44 de 1c 8b 44 de 18 4c 8b 24 de 41 81 e0
0x000000005fc9ec62:   ff ff ff 07 4c 03 c0 49 81 f8 00 00 01 00 75 09 


Register to memory mapping:

RAX=0x00001fffffff10a8 is an unknown value
RBX=0x00009ffffffb5348 is an unknown value
RCX=0x000000006005ce60 is an unknown value
RDX=0x0000000002209391 is an unknown value
RSP=0x000000000b62f280 is an unknown value
RBP=0x000000006005ce60 is an unknown value
RSI=0x0000000001f70000 is an unknown value
RDI=0x0000000002209391 is an unknown value
R8 =0x0000000000010000 is an unknown value
R9 =0x0000000000067ebb is an unknown value
R10=0x00000000000019fb is an unknown value
R11=0x0000000000067ec0 is an unknown value
R12=0x000000006005cde0 is an unknown value
R13=0x000000006005cbe0 is an unknown value
R14=0x00000000021d61b0 is an unknown value
R15=0x000000000b62f3e0 is an unknown value


Stack: [0x000000000b530000,0x000000000b630000],  sp=0x000000000b62f280,  free space=1020k
Native frames: (J=compiled Java code, j=interpreted, Vv=VM code, C=native code)
V  [jvm.dll+0x39ec52]

VM_Operation (0x000000000213e7b0): ParallelGCSystemGC, mode: safepoint, requested by thread 0x00000000021be000


---------------  P R O C E S S  ---------------

Java Threads: ( => current thread )
  0x000000000a4c2800 
[error occurred during error reporting (printing all threads), id 0xc0000005]

VM state:at safepoint (normal execution)

VM Mutex/Monitor currently owned by a thread:  ([mutex/lock_event])
[0x00000000021bcb70] Threads_lock - owner thread: 0x000000000a493000
[0x00000000021bcef0] Heap_lock - owner thread: 0x00000000021be000

Heap
 PSYoungGen      total 141824K, used 6741K [0x00000007d6000000, 0x00000007df600000, 0x0000000800000000)
  eden space 131072K, 0% used [0x00000007d6000000,0x00000007d6000000,0x00000007de000000)
  from space 10752K, 62% used [0x00000007deb80000,0x00000007df2155c8,0x00000007df600000)
  to   space 11264K, 0% used [0x00000007de000000,0x00000007de000000,0x00000007deb00000)
 ParOldGen       total 86016K, used 12105K [0x0000000782000000, 0x0000000787400000, 0x00000007d6000000)
  object space 86016K, 14% used [0x0000000782000000,0x0000000782bd2440,0x0000000787400000)
 PSPermGen       total 21504K, used 19622K [0x000000077ce00000, 0x000000077e300000, 0x0000000782000000)
  object space 21504K, 91% used [0x000000077ce00000,0x000000077e129b28,0x000000077e300000)

Card table byte_map: [0x00000000052c0000,0x00000000056e0000] byte_map_base: 0x00000000016d9000

Polling page: 0x0000000000620000

Code Cache  [0x00000000022c0000, 0x0000000002530000, 0x00000000052c0000)
 total_blobs=868 nmethods=555 adapters=265 free_code_cache=47284Kb largest_free_block=48368320

Compilation events (10 events):
Event: 4.268 Thread 0x000000000a4b7000  560             org.codehaus.plexus.archiver.zip.ZipOutputStream::write (82 bytes)
Event: 4.273 Thread 0x00000000022bd000  561             java.util.zip.Deflater::ensureOpen (47 bytes)
Event: 4.274 Thread 0x00000000022bd000 nmethod 561 0x000000000235f350 code [0x000000000235f480, 0x000000000235f4f8]
Event: 4.278 Thread 0x000000000a4b7000 nmethod 560 0x000000000249e010 code [0x000000000249e1c0, 0x000000000249ed30]
Event: 4.285 Thread 0x00000000022bd000  563             org.codehaus.plexus.archiver.zip.ZipOutputStream::deflate (33 bytes)
Event: 4.285 Thread 0x000000000a4b7000  564             java.util.zip.Deflater::deflate (9 bytes)
Event: 4.287 Thread 0x00000000022bd000 nmethod 563 0x00000000023792d0 code [0x0000000002379440, 0x00000000023798f8]
Event: 4.287 Thread 0x00000000022bd000  565   !         java.util.zip.Deflater::deflate (140 bytes)
Event: 4.287 Thread 0x000000000a4b7000 nmethod 564 0x000000000233f510 code [0x000000000233f660, 0x000000000233fa88]
Event: 4.288 Thread 0x00000000022bd000 nmethod 565 0x0000000002378a90 code [0x0000000002378be0, 0x0000000002379068]

GC Heap History (10 events):
Event: 1.117 GC heap after
Heap after GC invocations=2 (full 0):
 PSYoungGen      total 37888K, used 5117K [0x00000007d6000000, 0x00000007daa00000, 0x0000000800000000)
  eden space 32768K, 0% used [0x00000007d6000000,0x00000007d6000000,0x00000007d8000000)
  from space 5120K, 99% used [0x00000007d8500000,0x00000007d89ff688,0x00000007d8a00000)
  to   space 5120K, 0% used [0x00000007d8000000,0x00000007d8000000,0x00000007d8500000)
 ParOldGen       total 86016K, used 1694K [0x0000000782000000, 0x0000000787400000, 0x00000007d6000000)
  object space 86016K, 1% used [0x0000000782000000,0x00000007821a78e8,0x0000000787400000)
 PSPermGen       total 21504K, used 12257K [0x000000077ce00000, 0x000000077e300000, 0x0000000782000000)
  object space 21504K, 57% used [0x000000077ce00000,0x000000077d9f85e0,0x000000077e300000)
}
Event: 1.756 GC heap before
{Heap before GC invocations=3 (full 0):
 PSYoungGen      total 37888K, used 37885K [0x00000007d6000000, 0x00000007daa00000, 0x0000000800000000)
  eden space 32768K, 100% used [0x00000007d6000000,0x00000007d8000000,0x00000007d8000000)
  from space 5120K, 99% used [0x00000007d8500000,0x00000007d89ff688,0x00000007d8a00000)
  to   space 5120K, 0% used [0x00000007d8000000,0x00000007d8000000,0x00000007d8500000)
 ParOldGen       total 86016K, used 1694K [0x0000000782000000, 0x0000000787400000, 0x00000007d6000000)
  object space 86016K, 1% used [0x0000000782000000,0x00000007821a78e8,0x0000000787400000)
 PSPermGen       total 21504K, used 13828K [0x000000077ce00000, 0x000000077e300000, 0x0000000782000000)
  object space 21504K, 64% used [0x000000077ce00000,0x000000077db81250,0x000000077e300000)
Event: 1.768 GC heap after
Heap after GC invocations=3 (full 0):
 PSYoungGen      total 37888K, used 5104K [0x00000007d6000000, 0x00000007daa00000, 0x0000000800000000)
  eden space 32768K, 0% used [0x00000007d6000000,0x00000007d6000000,0x00000007d8000000)
  from space 5120K, 99% used [0x00000007d8000000,0x00000007d84fc010,0x00000007d8500000)
  to   space 5120K, 0% used [0x00000007da500000,0x00000007da500000,0x00000007daa00000)
 ParOldGen       total 86016K, used 3407K [0x0000000782000000, 0x0000000787400000, 0x00000007d6000000)
  object space 86016K, 3% used [0x0000000782000000,0x0000000782353e28,0x0000000787400000)
 PSPermGen       total 21504K, used 13828K [0x000000077ce00000, 0x000000077e300000, 0x0000000782000000)
  object space 21504K, 64% used [0x000000077ce00000,0x000000077db81250,0x000000077e300000)
}
Event: 2.427 GC heap before
{Heap before GC invocations=4 (full 0):
 PSYoungGen      total 37888K, used 37872K [0x00000007d6000000, 0x00000007daa00000, 0x0000000800000000)
  eden space 32768K, 100% used [0x00000007d6000000,0x00000007d8000000,0x00000007d8000000)
  from space 5120K, 99% used [0x00000007d8000000,0x00000007d84fc010,0x00000007d8500000)
  to   space 5120K, 0% used [0x00000007da500000,0x00000007da500000,0x00000007daa00000)
 ParOldGen       total 86016K, used 3407K [0x0000000782000000, 0x0000000787400000, 0x00000007d6000000)
  object space 86016K, 3% used [0x0000000782000000,0x0000000782353e28,0x0000000787400000)
 PSPermGen       total 21504K, used 14245K [0x000000077ce00000, 0x000000077e300000, 0x0000000782000000)
  object space 21504K, 66% used [0x000000077ce00000,0x000000077dbe9468,0x000000077e300000)
Event: 2.438 GC heap after
Heap after GC invocations=4 (full 0):
 PSYoungGen      total 70656K, used 5104K [0x00000007d6000000, 0x00000007daa00000, 0x0000000800000000)
  eden space 65536K, 0% used [0x00000007d6000000,0x00000007d6000000,0x00000007da000000)
  from space 5120K, 99% used [0x00000007da500000,0x00000007da9fc010,0x00000007daa00000)
  to   space 5120K, 0% used [0x00000007da000000,0x00000007da000000,0x00000007da500000)
 ParOldGen       total 86016K, used 5085K [0x0000000782000000, 0x0000000787400000, 0x00000007d6000000)
  object space 86016K, 5% used [0x0000000782000000,0x00000007824f7768,0x0000000787400000)
 PSPermGen       total 21504K, used 14245K [0x000000077ce00000, 0x000000077e300000, 0x0000000782000000)
  object space 21504K, 66% used [0x000000077ce00000,0x000000077dbe9468,0x000000077e300000)
}
Event: 3.699 GC heap before
{Heap before GC invocations=5 (full 0):
 PSYoungGen      total 70656K, used 70640K [0x00000007d6000000, 0x00000007daa00000, 0x0000000800000000)
  eden space 65536K, 100% used [0x00000007d6000000,0x00000007da000000,0x00000007da000000)
  from space 5120K, 99% used [0x00000007da500000,0x00000007da9fc010,0x00000007daa00000)
  to   space 5120K, 0% used [0x00000007da000000,0x00000007da000000,0x00000007da500000)
 ParOldGen       total 86016K, used 5085K [0x0000000782000000, 0x0000000787400000, 0x00000007d6000000)
  object space 86016K, 5% used [0x0000000782000000,0x00000007824f7768,0x0000000787400000)
 PSPermGen       total 21504K, used 18558K [0x000000077ce00000, 0x000000077e300000, 0x0000000782000000)
  object space 21504K, 86% used [0x000000077ce00000,0x000000077e01fa80,0x000000077e300000)
Event: 3.716 GC heap after
Heap after GC invocations=5 (full 0):
 PSYoungGen      total 70656K, used 5104K [0x00000007d6000000, 0x00000007df700000, 0x0000000800000000)
  eden space 65536K, 0% used [0x00000007d6000000,0x00000007d6000000,0x00000007da000000)
  from space 5120K, 99% used [0x00000007da000000,0x00000007da4fc010,0x00000007da500000)
  to   space 11776K, 0% used [0x00000007deb80000,0x00000007deb80000,0x00000007df700000)
 ParOldGen       total 86016K, used 12105K [0x0000000782000000, 0x0000000787400000, 0x00000007d6000000)
  object space 86016K, 14% used [0x0000000782000000,0x0000000782bd2440,0x0000000787400000)
 PSPermGen       total 21504K, used 18558K [0x000000077ce00000, 0x000000077e300000, 0x0000000782000000)
  object space 21504K, 86% used [0x000000077ce00000,0x000000077e01fa80,0x000000077e300000)
}
Event: 4.354 GC heap before
{Heap before GC invocations=6 (full 0):
 PSYoungGen      total 70656K, used 22002K [0x00000007d6000000, 0x00000007df700000, 0x0000000800000000)
  eden space 65536K, 25% used [0x00000007d6000000,0x00000007d7080a30,0x00000007da000000)
  from space 5120K, 99% used [0x00000007da000000,0x00000007da4fc010,0x00000007da500000)
  to   space 11776K, 0% used [0x00000007deb80000,0x00000007deb80000,0x00000007df700000)
 ParOldGen       total 86016K, used 12105K [0x0000000782000000, 0x0000000787400000, 0x00000007d6000000)
  object space 86016K, 14% used [0x0000000782000000,0x0000000782bd2440,0x0000000787400000)
 PSPermGen       total 21504K, used 19622K [0x000000077ce00000, 0x000000077e300000, 0x0000000782000000)
  object space 21504K, 91% used [0x000000077ce00000,0x000000077e129b28,0x000000077e300000)
Event: 4.364 GC heap after
Heap after GC invocations=6 (full 0):
 PSYoungGen      total 141824K, used 6741K [0x00000007d6000000, 0x00000007df600000, 0x0000000800000000)
  eden space 131072K, 0% used [0x00000007d6000000,0x00000007d6000000,0x00000007de000000)
  from space 10752K, 62% used [0x00000007deb80000,0x00000007df2155c8,0x00000007df600000)
  to   space 11264K, 0% used [0x00000007de000000,0x00000007de000000,0x00000007deb00000)
 ParOldGen       total 86016K, used 12105K [0x0000000782000000, 0x0000000787400000, 0x00000007d6000000)
  object space 86016K, 14% used [0x0000000782000000,0x0000000782bd2440,0x0000000787400000)
 PSPermGen       total 21504K, used 19622K [0x000000077ce00000, 0x000000077e300000, 0x0000000782000000)
  object space 21504K, 91% used [0x000000077ce00000,0x000000077e129b28,0x000000077e300000)
}
Event: 4.364 GC heap before
{Heap before GC invocations=7 (full 1):
 PSYoungGen      total 141824K, used 6741K [0x00000007d6000000, 0x00000007df600000, 0x0000000800000000)
  eden space 131072K, 0% used [0x00000007d6000000,0x00000007d6000000,0x00000007de000000)
  from space 10752K, 62% used [0x00000007deb80000,0x00000007df2155c8,0x00000007df600000)
  to   space 11264K, 0% used [0x00000007de000000,0x00000007de000000,0x00000007deb00000)
 ParOldGen       total 86016K, used 12105K [0x0000000782000000, 0x0000000787400000, 0x00000007d6000000)
  object space 86016K, 14% used [0x0000000782000000,0x0000000782bd2440,0x0000000787400000)
 PSPermGen       total 21504K, used 19622K [0x000000077ce00000, 0x000000077e300000, 0x0000000782000000)
  object space 21504K, 91% used [0x000000077ce00000,0x000000077e129b28,0x000000077e300000)

Deoptimization events (10 events):
Event: 3.232 Thread 0x00000000021be000 Uncommon trap: reason=class_check action=maybe_recompile pc=0x00000000024756e4 method=com.sun.tools.javac.util.List.reverse()Lcom/sun/tools/javac/util/List; @ 1
Event: 3.236 Thread 0x00000000021be000 Uncommon trap: reason=class_check action=maybe_recompile pc=0x0000000002476f38 method=com.sun.tools.javac.util.List.prependList(Lcom/sun/tools/javac/util/List;)Lcom/sun/tools/javac/util/List; @ 10
Event: 3.236 Thread 0x00000000021be000 Uncommon trap: reason=class_check action=maybe_recompile pc=0x0000000002476f44 method=com.sun.tools.javac.util.List.prependList(Lcom/sun/tools/javac/util/List;)Lcom/sun/tools/javac/util/List; @ 22
Event: 3.259 Thread 0x00000000021be000 Uncommon trap: reason=null_check action=make_not_entrant pc=0x000000000247b75c method=com.sun.tools.javac.jvm.ClassReader.enterClass(Lcom/sun/tools/javac/util/Name;)Lcom/sun/tools/javac/code/Symbol$ClassSymbol; @ 10
Event: 3.314 Thread 0x00000000021be000 Uncommon trap: reason=unreached action=reinterpret pc=0x0000000002477f1c method=com.sun.tools.javac.code.Scope.remove(Lcom/sun/tools/javac/code/Symbol;)V @ 28
Event: 3.874 Thread 0x00000000021be000 Uncommon trap: reason=bimorphic action=maybe_recompile pc=0x0000000002411ae0 method=java.util.HashMap.putAll(Ljava/util/Map;)V @ 109
Event: 4.346 Thread 0x00000000021be000 Uncommon trap: reason=class_check action=maybe_recompile pc=0x00000000023c3128 method=java.util.Hashtable.get(Ljava/lang/Object;)Ljava/lang/Object; @ 46
Event: 4.346 Thread 0x00000000021be000 Uncommon trap: reason=class_check action=maybe_recompile pc=0x00000000023c3128 method=java.util.Hashtable.get(Ljava/lang/Object;)Ljava/lang/Object; @ 46
Event: 4.346 Thread 0x00000000021be000 Uncommon trap: reason=class_check action=maybe_recompile pc=0x00000000023c3128 method=java.util.Hashtable.get(Ljava/lang/Object;)Ljava/lang/Object; @ 46
Event: 4.346 Thread 0x00000000021be000 Uncommon trap: reason=class_check action=maybe_recompile pc=0x00000000023c3128 method=java.util.Hashtable.get(Ljava/lang/Object;)Ljava/lang/Object; @ 46

Internal exceptions (10 events):
Event: 3.939 Thread 0x00000000021be000 Threw 0x00000007d6f40fa0 at C:\re\jdk7u67\1368\hotspot\src\share\vm\prims\jvm.cpp:1244
Event: 3.940 Thread 0x00000000021be000 Threw 0x00000007d6f4ed80 at C:\re\jdk7u67\1368\hotspot\src\share\vm\prims\jvm.cpp:1244
Event: 3.940 Thread 0x00000000021be000 Threw 0x00000007d6f55380 at C:\re\jdk7u67\1368\hotspot\src\share\vm\prims\jvm.cpp:1244
Event: 3.941 Thread 0x00000000021be000 Threw 0x00000007d6f5f2f8 at C:\re\jdk7u67\1368\hotspot\src\share\vm\prims\jvm.cpp:1244
Event: 3.942 Thread 0x00000000021be000 Threw 0x00000007d6f63178 at C:\re\jdk7u67\1368\hotspot\src\share\vm\prims\jvm.cpp:1244
Event: 3.945 Thread 0x00000000021be000 Threw 0x00000007d6f72688 at C:\re\jdk7u67\1368\hotspot\src\share\vm\prims\jvm.cpp:1244
Event: 4.344 Thread 0x00000000021be000 Threw 0x00000007d703c160 at C:\re\jdk7u67\1368\hotspot\src\share\vm\prims\jvm.cpp:1244
Event: 4.345 Thread 0x00000000021be000 Threw 0x00000007d703fb78 at C:\re\jdk7u67\1368\hotspot\src\share\vm\prims\jvm.cpp:1244
Event: 4.345 Thread 0x00000000021be000 Threw 0x00000007d7046a80 at C:\re\jdk7u67\1368\hotspot\src\share\vm\prims\jvm.cpp:1244
Event: 4.345 Thread 0x00000000021be000 Threw 0x00000007d704cf90 at C:\re\jdk7u67\1368\hotspot\src\share\vm\prims\jvm.cpp:1244

Events (10 events):
Event: 4.346 Thread 0x00000000021be000 Uncommon trap: trap_request=0xffffffde fr.pc=0x00000000023c3128
Event: 4.346 Thread 0x00000000021be000 DEOPT PACKING pc=0x00000000023c3128 sp=0x000000000213e290
Event: 4.346 Thread 0x00000000021be000 DEOPT UNPACKING pc=0x00000000022f75a4 sp=0x000000000213e240 mode 2
Event: 4.346 Thread 0x00000000021be000 Uncommon trap: trap_request=0xffffffde fr.pc=0x00000000023c3128
Event: 4.346 Thread 0x00000000021be000 DEOPT PACKING pc=0x00000000023c3128 sp=0x000000000213e290
Event: 4.346 Thread 0x00000000021be000 DEOPT UNPACKING pc=0x00000000022f75a4 sp=0x000000000213e240 mode 2
Event: 4.346 Thread 0x00000000021be000 Uncommon trap: trap_request=0xffffffde fr.pc=0x00000000023c3128
Event: 4.346 Thread 0x00000000021be000 DEOPT PACKING pc=0x00000000023c3128 sp=0x000000000213e290
Event: 4.346 Thread 0x00000000021be000 DEOPT UNPACKING pc=0x00000000022f75a4 sp=0x000000000213e240 mode 2
Event: 4.354 Executing VM operation: ParallelGCSystemGC


Dynamic libraries:
0x00007ff6ffda0000 - 0x00007ff6ffdd3000 	C:\Program Files\Java\jdk1.7.0_67\bin\java.exe
0x00007ffd9eb60000 - 0x00007ffd9ed06000 	C:\Windows\SYSTEM32\ntdll.dll
0x00007ffd9c840000 - 0x00007ffd9c97a000 	C:\Windows\system32\KERNEL32.DLL
0x00007ffd9c180000 - 0x00007ffd9c28f000 	C:\Windows\system32\KERNELBASE.dll
0x00007ffd9aac0000 - 0x00007ffd9ab48000 	C:\Windows\system32\apphelp.dll
0x00007ffd84b30000 - 0x00007ffd84b7f000 	C:\Windows\AppPatch\AppPatch64\AcGenral.DLL
0x00007ffd9dd90000 - 0x00007ffd9de37000 	C:\Windows\system32\msvcrt.dll
0x00007ffd9bd70000 - 0x00007ffd9bd9b000 	C:\Windows\SYSTEM32\SspiCli.dll
0x00007ffd9e680000 - 0x00007ffd9e6d1000 	C:\Windows\system32\SHLWAPI.dll
0x00007ffd9e500000 - 0x00007ffd9e671000 	C:\Windows\system32\USER32.dll
0x00007ffd9e890000 - 0x00007ffd9ea08000 	C:\Windows\system32\ole32.dll
0x00007ffd9c980000 - 0x00007ffd9dd8f000 	C:\Windows\system32\SHELL32.dll
0x00007ffd9b520000 - 0x00007ffd9b53e000 	C:\Windows\SYSTEM32\USERENV.dll
0x00007ffd9c3e0000 - 0x00007ffd9c485000 	C:\Windows\system32\ADVAPI32.dll
0x00007ffd93180000 - 0x00007ffd9319b000 	C:\Windows\SYSTEM32\MPR.dll
0x00007ffd9e080000 - 0x00007ffd9e1b7000 	C:\Windows\system32\RPCRT4.dll
0x00007ffd9c7e0000 - 0x00007ffd9c837000 	C:\Windows\SYSTEM32\sechost.dll
0x00007ffd9dea0000 - 0x00007ffd9e076000 	C:\Windows\SYSTEM32\combase.dll
0x00007ffd9ea10000 - 0x00007ffd9eb54000 	C:\Windows\system32\GDI32.dll
0x00007ffd9bed0000 - 0x00007ffd9bee4000 	C:\Windows\SYSTEM32\profapi.dll
0x00007ffd99e20000 - 0x00007ffd99ebf000 	C:\Windows\SYSTEM32\SHCORE.dll
0x00007ffd9e4c0000 - 0x00007ffd9e4f4000 	C:\Windows\system32\IMM32.DLL
0x00007ffd9e1d0000 - 0x00007ffd9e309000 	C:\Windows\system32\MSCTF.dll
0x00007ffd98c10000 - 0x00007ffd98e6a000 	C:\Windows\WinSxS\amd64_microsoft.windows.common-controls_6595b64144ccf1df_6.0.9600.17031_none_6242a4b3ecbb55a1\COMCTL32.dll
0x00000000600e0000 - 0x00000000601b2000 	C:\Program Files\Java\jdk1.7.0_67\jre\bin\msvcr100.dll
0x000000005f900000 - 0x00000000600d2000 	C:\Program Files\Java\jdk1.7.0_67\jre\bin\server\jvm.dll
0x00007ffd84a70000 - 0x00007ffd84a79000 	C:\Windows\SYSTEM32\WSOCK32.dll
0x00007ffd91ba0000 - 0x00007ffd91bbf000 	C:\Windows\SYSTEM32\WINMM.dll
0x00007ffd9c7d0000 - 0x00007ffd9c7d7000 	C:\Windows\system32\PSAPI.DLL
0x00007ffd9c770000 - 0x00007ffd9c7c8000 	C:\Windows\system32\WS2_32.dll
0x00007ffd8d930000 - 0x00007ffd8d95a000 	C:\Windows\SYSTEM32\WINMMBASE.dll
0x00007ffd9e1c0000 - 0x00007ffd9e1c9000 	C:\Windows\system32\NSI.dll
0x00007ffd9c390000 - 0x00007ffd9c3da000 	C:\Windows\SYSTEM32\cfgmgr32.dll
0x00007ffd9ad30000 - 0x00007ffd9ad56000 	C:\Windows\SYSTEM32\DEVOBJ.dll
0x000000005f8f0000 - 0x000000005f8ff000 	C:\Program Files\Java\jdk1.7.0_67\jre\bin\verify.dll
0x000000005f8c0000 - 0x000000005f8e8000 	C:\Program Files\Java\jdk1.7.0_67\jre\bin\java.dll
0x000000005f8a0000 - 0x000000005f8b5000 	C:\Program Files\Java\jdk1.7.0_67\jre\bin\zip.dll
0x000000005f870000 - 0x000000005f889000 	C:\Program Files\Java\jdk1.7.0_67\jre\bin\net.dll
0x00007ffd9b770000 - 0x00007ffd9b7c8000 	C:\Windows\system32\mswsock.dll
0x000000005f850000 - 0x000000005f861000 	C:\Program Files\Java\jdk1.7.0_67\jre\bin\nio.dll
0x00007ffd99850000 - 0x00007ffd999d8000 	C:\Windows\SYSTEM32\dbghelp.dll

VM Arguments:
jvm_args: -Dclassworlds.conf=D:\work\apache-maven-3.2.3\bin\m2.conf -Dmaven.home=D:\work\apache-maven-3.2.3 
java_command: org.codehaus.plexus.classworlds.launcher.Launcher clean package
Launcher Type: SUN_STANDARD

Environment Variables:
JAVA_HOME=C:\Program Files\Java\jdk1.7.0_67
PATH=C:\Program Files (x86)\EasyPHP-DevServer-14.1VC11\binaries\php\php_runningversion;C:\Program Files (x86)\Intel\iCLS Client\;C:\Program Files\Intel\iCLS Client\;C:\Windows\system32;C:\Windows;C:\Windows\System32\Wbem;C:\Windows\System32\WindowsPowerShell\v1.0\;C:\Program Files (x86)\QuickTime\QTSystem\;C:\Program Files\Intel\Intel(R) Management Engine Components\DAL;C:\Program Files\Intel\Intel(R) Management Engine Components\IPT;C:\Program Files (x86)\Intel\Intel(R) Management Engine Components\DAL;C:\Program Files (x86)\Intel\Intel(R) Management Engine Components\IPT;C:\Program Files (x86)\ATI Technologies\ATI.ACE\Core-Static;C:\Program Files\Microsoft SQL Server\110\Tools\Binn\;C:\Program Files (x86)\Microsoft SQL Server\110\Tools\Binn\;C:\Program Files\Microsoft SQL Server\110\DTS\Binn\;C:\Program Files (x86)\Microsoft SQL Server\110\Tools\Binn\ManagementStudio\;C:\Program Files (x86)\Microsoft Visual Studio 10.0\Common7\IDE\PrivateAssemblies\;C:\Program Files (x86)\Microsoft SQL Server\110\DTS\Binn\;C:\Program Files\Microsoft\Web Platform Installer\;C:\Program Files (x86)\nodejs\;D:\work\vertx\bin\;C:\Program Files\Java\jdk1.7.0_67\bin;C:\Program Files\TortoiseGit\bin;C:\Program Files\Google\Cloud SDK\google-cloud-sdk\bin;C:\Program Files (x86)\MySQL\MySQL Utilities 1.4.3\;C:\Program Files (x86)\MySQL\MySQL Utilities 1.4.3\Doctrine extensions for PHP\;c:\bat;D:\work\apache-maven-3.2.3\bin;
USERNAME=user
OS=Windows_NT
PROCESSOR_IDENTIFIER=Intel64 Family 6 Model 60 Stepping 3, GenuineIntel



---------------  S Y S T E M  ---------------

OS: Windows 8.1 , 64 bit Build 9600 

CPU:total 4 (2 cores per cpu, 2 threads per core) family 6 model 60 stepping 3, cmov, cx8, fxsr, mmx, sse, sse2, sse3, ssse3, sse4.1, sse4.2, popcnt, avx, avx2, aes, erms, ht, tsc, tscinvbit

Memory: 4k page, physical 8253504k(3042976k free), swap 16642112k(9286652k free)

vm_info: Java HotSpot(TM) 64-Bit Server VM (24.65-b04) for windows-amd64 JRE (1.7.0_67-b01), built on Jul 25 2014 08:55:00 by "java_re" with unknown MS VC++:1600

time: Wed Jan 14 13:26:03 2015
elapsed time: 4 seconds

